<?xml version="1.0" encoding="UTF-8"?>
<!-- Generated by org.testng.reporters.JUnitReportReporter -->
<testsuite skipped="0" hostname="DESKTOP-JOET9VF" name="org.selfPractice.PracticeFramework.Utils.DataLibrary" tests="1" failures="0" timestamp="24 Apr 2019 07:04:27 GMT" time="0.014" errors="0">
  <testcase name="testerMethod" time="0.014" classname="org.selfPractice.PracticeFramework.Utils.DataLibrary"/>
</testsuite> <!-- org.selfPractice.PracticeFramework.Utils.DataLibrary -->
