<?xml version="1.0" encoding="UTF-8"?>
<!-- Generated by org.testng.reporters.JUnitReportReporter -->
<testsuite skipped="0" hostname="DESKTOP-JOET9VF" name="org.selfPractice.PracticeFramework.TestCases.TC001_GetSeatAvailability" tests="1" failures="0" timestamp="27 Apr 2019 05:46:34 GMT" time="43.678" errors="0">
  <testcase name="GetSeatAvailability" time="43.678" classname="org.selfPractice.PracticeFramework.TestCases.TC001_GetSeatAvailability"/>
</testsuite> <!-- org.selfPractice.PracticeFramework.TestCases.TC001_GetSeatAvailability -->
